<?xml version="1.0" encoding="UTF-8"?>
<testsuite name="com.ex.book.springboot.web.dto.HelloResponseDtoTest" tests="1" skipped="0" failures="0" errors="0" timestamp="2019-12-13T07:09:42" hostname="DESKTOP-27709NU" time="0.074">
  <properties/>
  <testcase name="롬복_기능_테스트" classname="com.ex.book.springboot.web.dto.HelloResponseDtoTest" time="0.074"/>
  <system-out><![CDATA[]]></system-out>
  <system-err><![CDATA[]]></system-err>
</testsuite>
